<?xml version="1.0" encoding="UTF-8" standalone="no"?><ds:Signature xmlns:ds="http://www.w3.org/2000/09/xmldsig#" Id="signatureId"><ds:SignedInfo><ds:CanonicalizationMethod Algorithm="http://www.w3.org/2006/12/xml-c14n11#WithComments"/><ds:SignatureMethod Algorithm="http://www.w3.org/2001/04/xmldsig-more#rsa-sha256"/><ds:Reference Id="manifestReferenceId" URI="#IHEManifest"><ds:DigestMethod Algorithm="http://www.w3.org/2001/04/xmlenc#sha256"/><ds:DigestValue>b58PaTWatuvboS+IBj3UlOe68+hid+Wq0ZUxzsnt8ss=</ds:DigestValue></ds:Reference><ds:Reference Id="signedPropertiesReferenceId" Type="http://uri.etsi.org/01903#SignedProperties" URI="#signedPropertiesId"><ds:Transforms><ds:Transform Algorithm="http://www.w3.org/2006/12/xml-c14n11#WithComments"/></ds:Transforms><ds:DigestMethod Algorithm="http://www.w3.org/2001/04/xmlenc#sha256"/><ds:DigestValue>7Pbw6KFJSq3iSAWmGg1LPG0A+L48XMnZMUuhwnAiinw=</ds:DigestValue></ds:Reference></ds:SignedInfo><ds:SignatureValue Id="signatureValueId">bNXNlcxZYcTj92J7U9/WmvUYU1CqWhD57pf8LeS5BE7ka52u77oiZTS5qeWDH+tv/4rwcZhywneD&#13;
fd0TOEIosL607qI7tEHQXix2pCKB8zuYf3qbSWPT38MsRgFyayKtr53h3IyZ6NiiSyx+/aw6QDLq&#13;
Mp6rHP3+z+wXNvoYTC3HJ8Y9OcJC4QapUZ7AlSWGETrs+ICuY9RS7ahkWM27XhFHRkXwhOiw+k/R&#13;
KQcVtSLQn9r+ZYfxmbkJYzCr+xC/rJhENuGCAXet9l21hkRRWLNWDu7nazTlpCsMo1FKOksicTT+&#13;
aACaWUpU5bXCamdKP5eALZbFUTGqRshaJ44vKQ==</ds:SignatureValue><ds:KeyInfo><ds:X509Data><ds:X509SubjectName>CN=*.irm.kr, O=IRM Inc., ST=Gyeonggi-do, C=KR</ds:X509SubjectName><ds:X509Certificate>MIIGwDCCBaigAwIBAgIRALPQULtqnNkYFJxXDID5z+4wDQYJKoZIhvcNAQELBQAwgZUxCzAJBgNV&#13;
BAYTAkdCMRswGQYDVQQIExJHcmVhdGVyIE1hbmNoZXN0ZXIxEDAOBgNVBAcTB1NhbGZvcmQxGDAW&#13;
BgNVBAoTD1NlY3RpZ28gTGltaXRlZDE9MDsGA1UEAxM0U2VjdGlnbyBSU0EgT3JnYW5pemF0aW9u&#13;
IFZhbGlkYXRpb24gU2VjdXJlIFNlcnZlciBDQTAeFw0yMjExMDEwMDAwMDBaFw0yMzEyMDIyMzU5&#13;
NTlaMEkxCzAJBgNVBAYTAktSMRQwEgYDVQQIEwtHeWVvbmdnaS1kbzERMA8GA1UEChMISVJNIElu&#13;
Yy4xETAPBgNVBAMMCCouaXJtLmtyMIIBIjANBgkqhkiG9w0BAQEFAAOCAQ8AMIIBCgKCAQEAuNR5&#13;
9THcnq6gjkq8Aec6wtZZQ6bEwgIb01ZrilQIN2vL0CLxEZX03sAz/kW+0pfw96dHzJ/q/3gZvrOI&#13;
E6cJU+2EW+TcBa09wiWoUtaTd32/sFBLSVokAPC8K00APMpMHH12BEyRVft4EQ0t1U1RzAbBOvwd&#13;
TdDTz+lgd8ZeOd0VFE4wDfcBWMJik/I1A3553VWIMWYpH7MQADHn0wnN83+R6Isnj3Sg9YWW6eTs&#13;
PjQSVr8WpC2COZ30zV3yYi+iyD++WkISCPalssqj5s7VKxshegwYUsdCJJufN4mJPwNkQ9nKXzsy&#13;
CQF58CA4VPGP6OGxZ6hf8ErBOHeMY0xUTQIDAQABo4IDVDCCA1AwHwYDVR0jBBgwFoAUF9nWJSdn&#13;
+THCSUPZMDZEjGypT+swHQYDVR0OBBYEFKClYlBYhSwuKByjssINF+lvmwGNMA4GA1UdDwEB/wQE&#13;
AwIFoDAMBgNVHRMBAf8EAjAAMB0GA1UdJQQWMBQGCCsGAQUFBwMBBggrBgEFBQcDAjBKBgNVHSAE&#13;
QzBBMDUGDCsGAQQBsjEBAgEDBDAlMCMGCCsGAQUFBwIBFhdodHRwczovL3NlY3RpZ28uY29tL0NQ&#13;
UzAIBgZngQwBAgIwWgYDVR0fBFMwUTBPoE2gS4ZJaHR0cDovL2NybC5zZWN0aWdvLmNvbS9TZWN0&#13;
aWdvUlNBT3JnYW5pemF0aW9uVmFsaWRhdGlvblNlY3VyZVNlcnZlckNBLmNybDCBigYIKwYBBQUH&#13;
AQEEfjB8MFUGCCsGAQUFBzAChklodHRwOi8vY3J0LnNlY3RpZ28uY29tL1NlY3RpZ29SU0FPcmdh&#13;
bml6YXRpb25WYWxpZGF0aW9uU2VjdXJlU2VydmVyQ0EuY3J0MCMGCCsGAQUFBzABhhdodHRwOi8v&#13;
b2NzcC5zZWN0aWdvLmNvbTAbBgNVHREEFDASgggqLmlybS5rcoIGaXJtLmtyMIIBfQYKKwYBBAHW&#13;
eQIEAgSCAW0EggFpAWcAdgCt9776fP8QyIudPZwePhhqtGcpXc+xDCTKhYY069yCigAAAYQynanG&#13;
AAAEAwBHMEUCIHT/iF016E0HnEgq8x4y+fIRb6nT2BPpY6TnIi1Ks5ZGAiEAt+fatZlgRelyIITJ&#13;
LHj4NdQt0lSqB44duIvpGQXs7JIAdQB6MoxU2LcttiDqOOBSHumEFnAyE4VNO9IrwTpXo1LrUgAA&#13;
AYQynanOAAAEAwBGMEQCIELyXmd17bs7HR66lcpN+fNY8d7SfeDE8uS1EGdqRUjoAiB25Ujsf4AN&#13;
giYe5kg7to0GsYv7QrJ+Lbn2k8gTIUcSRQB2AOg+0No+9QY1MudXKLyJa8kD08vREWvs62nhd31t&#13;
Br1uAAABhDKdqakAAAQDAEcwRQIhAIWD4McWh7BUtSOQwFfyhcYE4ChGaPTkYfs/f6WUa0NVAiAL&#13;
kcoWY/1rDSkr9oGgPQPwEg+f0s+9Jv7ZykY7NL5DOTANBgkqhkiG9w0BAQsFAAOCAQEAi49tSFjs&#13;
AMnjCjLkJNxbSw1+RKUm6qMJyCSl4+XhjU14Sw76o/xq0d/Kyd2JR9wZFxEiXcjqQJHTFVVSwE0G&#13;
yFTNbkSCAYhkPbCozfBr5/NANrDQOGLb25QFQyFKENpJuGG+3xKn2xMbC1mKMserIl6t8bZnpZ9P&#13;
vhC+mPv8JBGCdV3HQdomGJ9nL916qA/6tqR5JxuHOkOBqa3h8mORGqj1vBQjuOjfB2RiGN1ORtb2&#13;
F4CN7VoQdTIicIB2LN90J/Z2OX1Ndr39ezfZBX9HHxD3SsM2hEOztAWuXdproIkM/NJEnXWKGJZ2&#13;
dk5gTyUpoh5AYIjgfgdg//rthMDy5Q==</ds:X509Certificate></ds:X509Data></ds:KeyInfo><ds:Object Encoding="http://www.w3.org/2000/09/xmldsig#base64" Id="documentId01" MimeType="text/xml">PD94bWwgdmVyc2lvbj0iMS4wIiBlbmNvZGluZz0idXRmLTgiPz4KPENsaW5pY2FsRG9jdW1lbnQgeG1sbnM6eHNpPSJodHRwOi8vd3d3LnczLm9yZy8yMDAxL1hNTFNjaGVtYS1pbnN0YW5jZSIgeG1sbnM6c2R0Yz0idXJuOmhsNy1vcmc6c2R0YyIgeG1sbnM9InVybjpobDctb3JnOnYzIj4KCTxyZWFsbUNvZGUgY29kZT0iVVMiIC8+Cgk8dHlwZUlkIHJvb3Q9IjIuMTYuODQwLjEuMTEzODgzLjEuMyIgZXh0ZW5zaW9uPSJQT0NEX0hEMDAwMDQwIiAvPgoJPHRlbXBsYXRlSWQgcm9vdD0iMi4xNi44NDAuMS4xMTM4ODMuMTAuMjAuNiIgLz4KCTxpZCByb290PSIyLjE2Ljg0MC4xLjExMzg4My4xOS40LjI3IiAvPgoJPGNvZGUgY29kZT0iMTg3NDgtNCIgY29kZVN5c3RlbT0iMi4xNi44NDAuMS4xMTM4ODMuNi4xIiBjb2RlU3lzdGVtTmFtZT0iTE9JTkMiIGRpc3BsYXlOYW1lPSJEaWFnbm9zdGljIEltYWdpbmcgUmVwb3J0IiAvPgoJPHRpdGxlPkRpYWdub3N0aWMgSW1hZ2luZyBSZXBvcnQ8L3RpdGxlPgoJPGVmZmVjdGl2ZVRpbWUgdmFsdWU9IjIwMTgwNDE2MTczMTAwKzA5MDAiIC8+Cgk8Y29uZmlkZW50aWFsaXR5Q29kZSBjb2RlPSJOIiBjb2RlU3lzdGVtPSIyLjE2Ljg0MC4xLjExMzg4My41LjI1IiAvPgoJPGxhbmd1YWdlQ29kZSBjb2RlPSJlbiIgLz4KCTxyZWNvcmRUYXJnZXQgdHlwZUNvZGU9IlJDVCIgY29udGV4dENvbnRyb2xDb2RlPSJPUCI+CgkJPHBhdGllbnRSb2xlIGNsYXNzQ29kZT0iUEFUIj4KCQkJPGlkIHJvb3Q9IjJlMTEwZDYzLTgxMzYtNGJjYy04MzEwLTg5YTk0MGRjZGY5MiIgZXh0ZW5zaW9uPSJJSEVCTFVFLTIyOTgiIC8+CgkJCTxhZGRyPgoJCQkJPGNvdW50cnk+S09SPC9jb3VudHJ5PgoJCQkJPHN0YXRlPkt5b3VuZ2tpLWRvPC9zdGF0ZT4KCQkJCTxjaXR5PlNlb25nbmFtLXNpPC9jaXR5PgoJCQkJPGFkZGl0aW9uYWxMb2NhdG9yPkJ1bmRhbmctZ3U8L2FkZGl0aW9uYWxMb2NhdG9yPgoJCQkJPHN0cmVldEFkZHJlc3NMaW5lPlNhbXB5b3VuZy1kb25nPC9zdHJlZXRBZGRyZXNzTGluZT4KCQkJCTxwb3N0YWxDb2RlPjAwMC0wMDA8L3Bvc3RhbENvZGU+CgkJCTwvYWRkcj4KCQkJPHRlbGVjb20gdmFsdWU9InRlbDowMDAtMDAwMC0wMDAwIiAvPgoJCQk8cGF0aWVudCBjbGFzc0NvZGU9IlBTTiIgZGV0ZXJtaW5lckNvZGU9IklOU1RBTkNFIj4KCQkJCTxuYW1lPgoJCQkJCTxnaXZlbj5NYXJpYTwvZ2l2ZW4+CgkJCQkJPGZhbWlseT5MaXNhPC9mYW1pbHk+CgkJCQk8L25hbWU+CgkJCQk8YWRtaW5pc3RyYXRpdmVHZW5kZXJDb2RlIGNvZGU9IkYiIGNvZGVTeXN0ZW09IjIuMTYuODQwLjEuMTEzODgzLjUuMSIgY29kZVN5c3RlbU5hbWU9IkFkbWluaXN0cmF0aXZlIHNleCIgZGlzcGxheU5hbWU9IkZlbWFsZSIgLz4KCQkJCTxiaXJ0aFRpbWUgdmFsdWU9IjE5NjIwNDI2IiAvPgoJCQkJPGxhbmd1YWdlQ29tbXVuaWNhdGlvbj4KCQkJCQk8bGFuZ3VhZ2VDb2RlIGNvZGU9ImVuZyIgLz4KCQkJCTwvbGFuZ3VhZ2VDb21tdW5pY2F0aW9uPgoJCQk8L3BhdGllbnQ+CgkJPC9wYXRpZW50Um9sZT4KCTwvcmVjb3JkVGFyZ2V0PgoJPGF1dGhvciB0eXBlQ29kZT0iQVVUIiBjb250ZXh0Q29udHJvbENvZGU9Ik9QIj4KCQk8dGltZSB2YWx1ZT0iMjAxODA0MTYxNzMxMDArMDkwMCIgLz4KCQk8YXNzaWduZWRBdXRob3IgY2xhc3NDb2RlPSJBU1NJR05FRCI+CgkJCTxpZCByb290PSIwYTdhY2Y5OS1mM2ZhLTQwNTQtYjNhZC0wYmRkNzA2MmI2ZmMiIGV4dGVuc2lvbj0iYXV0aG9yMDAxIiAvPgoJCQk8YWRkcj4KCQkJCTxjb3VudHJ5PktPUjwvY291bnRyeT4KCQkJCTxzdGF0ZT5LeXVuZ2tpLWRvPC9zdGF0ZT4KCQkJCTxjaXR5PlNlb25nbmFtPC9jaXR5PgoJCQkJPGFkZGl0aW9uYWxMb2NhdG9yPkJ1bmRhbmctZ3U8L2FkZGl0aW9uYWxMb2NhdG9yPgoJCQkJPHN0cmVldEFkZHJlc3NMaW5lPlNhbXB5dW5nLXJvIDAwMC0wMDA8L3N0cmVldEFkZHJlc3NMaW5lPgoJCQkJPHBvc3RhbENvZGU+MDAwLTAwMDwvcG9zdGFsQ29kZT4KCQkJPC9hZGRyPgoJCQk8dGVsZWNvbSB2YWx1ZT0idGVsOjAwMC0wMDAtMDAxIiAvPgoJCQk8YXNzaWduZWRQZXJzb24gY2xhc3NDb2RlPSJQU04iIGRldGVybWluZXJDb2RlPSJJTlNUQU5DRSI+CgkJCQk8bmFtZT4KCQkJCQk8Z2l2ZW4+U3RldmU8L2dpdmVuPgoJCQkJCTxmYW1pbHk+S2ltPC9mYW1pbHk+CgkJCQk8L25hbWU+CgkJCTwvYXNzaWduZWRQZXJzb24+CgkJPC9hc3NpZ25lZEF1dGhvcj4KCTwvYXV0aG9yPgoJPGN1c3RvZGlhbiB0eXBlQ29kZT0iQ1NUIj4KCQk8YXNzaWduZWRDdXN0b2RpYW4gY2xhc3NDb2RlPSJBU1NJR05FRCI+CgkJCTxyZXByZXNlbnRlZEN1c3RvZGlhbk9yZ2FuaXphdGlvbiBjbGFzc0NvZGU9Ik9SRyIgZGV0ZXJtaW5lckNvZGU9IklOU1RBTkNFIj4KCQkJCTxpZCByb290PSIxLjIuNDEwLjEuMTIzNDUiIGV4dGVuc2lvbj0ib3JnMDAxIiAvPgoJCQkJPG5hbWU+QnVuZGFuZyBIb3NwaXRhbDwvbmFtZT4KCQkJCTx0ZWxlY29tIHZhbHVlPSJ0ZWw6MDAwLTAwMC0wMDAiIC8+CgkJCQk8YWRkcj4KCQkJCQk8Y291bnRyeT5LT1I8L2NvdW50cnk+CgkJCQkJPHN0YXRlPkt5dW5na2ktZG88L3N0YXRlPgoJCQkJCTxjaXR5PlNlb25nbmFtPC9jaXR5PgoJCQkJCTxhZGRpdGlvbmFsTG9jYXRvcj5CdW5kYW5nLWd1PC9hZGRpdGlvbmFsTG9jYXRvcj4KCQkJCQk8c3RyZWV0QWRkcmVzc0xpbmU+U2FtcHl1bmctcm8gMDAwLTAwMDwvc3RyZWV0QWRkcmVzc0xpbmU+CgkJCQkJPHBvc3RhbENvZGU+MDAwLTAwMDwvcG9zdGFsQ29kZT4KCQkJCTwvYWRkcj4KCQkJPC9yZXByZXNlbnRlZEN1c3RvZGlhbk9yZ2FuaXphdGlvbj4KCQk8L2Fzc2lnbmVkQ3VzdG9kaWFuPgoJPC9jdXN0b2RpYW4+Cgk8ZG9jdW1lbnRhdGlvbk9mIHR5cGVDb2RlPSJET0MiPgoJCTxzZXJ2aWNlRXZlbnQgY2xhc3NDb2RlPSJBQ1QiIG1vb2RDb2RlPSJFVk4iPgoJCQk8dGVtcGxhdGVJZCByb290PSIyLjE2Ljg0MC4xLjExMzg4My4xMC4yMC4yMS4zLjEiIC8+CgkJCTxjb2RlIGNvZGU9IjgwMTQ2MDAyMCIgY29kZVN5c3RlbT0iMi4xNi44NDAuMS4xMTM4ODMuNi45NiIgY29kZVN5c3RlbU5hbWU9IlNOT01FRCBDVCIgZGlzcGxheU5hbWU9IkxhcGFyb3Njb3BpYyBBcHBlbmRlY3RvbXkiIC8+CgkJCTxlZmZlY3RpdmVUaW1lIHZhbHVlPSIxOTc1MDUwMSIgLz4KCQkJPHBlcmZvcm1lciB0eXBlQ29kZT0iUFJGIj4KCQkJCTx0ZW1wbGF0ZUlkIHJvb3Q9IjIuMTYuODQwLjEuMTEzODgzLjEwLjIwLjYuMi4xIiAvPgoJCQkJPGFzc2lnbmVkRW50aXR5IGNsYXNzQ29kZT0iQVNTSUdORUQiPgoJCQkJCTxpZCByb290PSJhZmQ0ZjJjZi1jMGZjLTQyMmEtYjBlYy1jOWFhMWY1NTBlOTAiIC8+CgkJCQkJPGNvZGUgY29kZT0iMjA4NVIwMjAyWCIgY29kZVN5c3RlbT0iMi4xNi44NDAuMS4xMTM4ODMuMTEuMTk0NjUiIC8+CgkJCQkJPGFkZHIgbnVsbEZsYXZvcj0iTkkiIC8+CgkJCQkJPHRlbGVjb20gbnVsbEZsYXZvcj0iTkkiIC8+CgkJCQkJPGFzc2lnbmVkUGVyc29uIGNsYXNzQ29kZT0iUFNOIiBkZXRlcm1pbmVyQ29kZT0iSU5TVEFOQ0UiPgoJCQkJCQk8bmFtZT4KCQkJCQkJCTxnaXZlbj5IZW5yeTwvZ2l2ZW4+CgkJCQkJCQk8ZmFtaWx5PktpbTwvZmFtaWx5PgoJCQkJCQk8L25hbWU+CgkJCQkJPC9hc3NpZ25lZFBlcnNvbj4KCQkJCTwvYXNzaWduZWRFbnRpdHk+CgkJCTwvcGVyZm9ybWVyPgoJCTwvc2VydmljZUV2ZW50PgoJPC9kb2N1bWVudGF0aW9uT2Y+Cgk8Y29tcG9uZW50PgoJCTxzdHJ1Y3R1cmVkQm9keSBjbGFzc0NvZGU9IkRPQ0JPRFkiIG1vb2RDb2RlPSJFVk4iPgoJCQk8Y29tcG9uZW50PgoJCQkJPHNlY3Rpb24+CgkJCQkJPHRlbXBsYXRlSWQgcm9vdD0iMi4xNi44NDAuMS4xMTM4ODMuMTAuMjAuNi4xLjEiIC8+CgkJCQkJPGlkIHJvb3Q9IjFhYTYyZDIyLWYxMTUtNDAxMS04OWMyLWM0YWMyNGE1NDhlYyIgLz4KCQkJCQk8Y29kZSBjb2RlPSIxMjExODEiIGNvZGVTeXN0ZW09IjEuMi44NDAuMTAwMDguMi4xNi40IiBjb2RlU3lzdGVtTmFtZT0iRENNIiBkaXNwbGF5TmFtZT0iRElDT00gT2JqZWN0IENhdGFsb2ciIC8+CgkJCQkJPGVudHJ5PgoJCQkJCQk8YWN0IGNsYXNzQ29kZT0iQUNUIiBtb29kQ29kZT0iRVZOIj4KCQkJCQkJCTx0ZW1wbGF0ZUlkIHJvb3Q9IjIuMTYuODQwLjEuMTEzODgzLjEwLjIwLjYuMi42IiAvPgoJCQkJCQkJPGlkIHJvb3Q9IjEuMi44NDAuMTEzNjE5LjIuNjIuOTk0MDQ0Nzg1NTI4LjExNDI4OTU0MjgwNSIgLz4KCQkJCQkJCTxjb2RlIGNvZGU9IjExMzAxNCIgY29kZVN5c3RlbT0iMS4yLjg0MC4xMDAwOC4yLjE2LjQiIGNvZGVTeXN0ZW1OYW1lPSJEQ00iIGRpc3BsYXlOYW1lPSJTdHVkeSIgLz4KCQkJCQkJCTxlbnRyeVJlbGF0aW9uc2hpcCB0eXBlQ29kZT0iQ09NUCIgaW52ZXJzaW9uSW5kPSJmYWxzZSI+CgkJCQkJCQkJPGFjdCBjbGFzc0NvZGU9IkFDVCIgbW9vZENvZGU9IkVWTiI+CgkJCQkJCQkJCTxpZCByb290PSIxLjIuODQwLjExMzYxOS4yLjYyLjk5NDA0NDc4NTUyOC4yMDA2MDgyMzIyMzE0MjQ4NTA1MSIgLz4KCQkJCQkJCQkJPGNvZGUgY29kZT0iMTEzMDE1IiBjb2RlU3lzdGVtPSIxLjIuODQwLjEwMDA4LjIuMTYuNCIgY29kZVN5c3RlbU5hbWU9IkRDTSIgZGlzcGxheU5hbWU9IlNlcmllcyI+CgkJCQkJCQkJCQk8cXVhbGlmaWVyPgoJCQkJCQkJCQkJCTxuYW1lIGNvZGU9IjEyMTEzOSIgY29kZVN5c3RlbT0iMS4yLjg0MC4xMDAwOC4yLjE2LjQiIGNvZGVTeXN0ZW1OYW1lPSJEQ00iIGRpc3BsYXlOYW1lPSJNb2RhbGl0eSIgLz4KCQkJCQkJCQkJCQk8dmFsdWUgY29kZT0iQ1IiIGNvZGVTeXN0ZW09IjEuMi44NDAuMTAwMDguMi4xNi40IiBjb2RlU3lzdGVtTmFtZT0iRENNIiBkaXNwbGF5TmFtZT0iQ29tcHV0ZWQgUmFkaW9ncmFwaHkiIC8+CgkJCQkJCQkJCQk8L3F1YWxpZmllcj4KCQkJCQkJCQkJPC9jb2RlPgoJCQkJCQkJCQk8ZW50cnlSZWxhdGlvbnNoaXAgdHlwZUNvZGU9IkNPTVAiIGludmVyc2lvbkluZD0iZmFsc2UiPgoJCQkJCQkJCQkJPG9ic2VydmF0aW9uIGNsYXNzQ29kZT0iREdJTUciIG1vb2RDb2RlPSJFVk4iPgoJCQkJCQkJCQkJCTx0ZW1wbGF0ZUlkIHJvb3Q9IjIuMTYuODQwLjEuMTEzODgzLjEwLjIwLjYuMi44IiAvPgoJCQkJCQkJCQkJCTxpZCByb290PSIxLjIuODQwLjExMzYxOS4yLjYyLjk5NDA0NDc4NTUyOC4yMDA2MDgyMy4yMDA2MDgyMzIyMzIzMjIuMyIgLz4KCQkJCQkJCQkJCQk8Y29kZSBjb2RlPSIxLjIuODQwLjEwMDA4LjUuMS40LjEuMS4xIiBjb2RlU3lzdGVtPSIxLjIuODQwLjEwMDA4LjIuNi4xIiBjb2RlU3lzdGVtTmFtZT0iRENNVUlEIiAvPgoJCQkJCQkJCQkJPC9vYnNlcnZhdGlvbj4KCQkJCQkJCQkJPC9lbnRyeVJlbGF0aW9uc2hpcD4KCQkJCQkJCQk8L2FjdD4KCQkJCQkJCTwvZW50cnlSZWxhdGlvbnNoaXA+CgkJCQkJCTwvYWN0PgoJCQkJCTwvZW50cnk+CgkJCQk8L3NlY3Rpb24+CgkJCTwvY29tcG9uZW50PgoJCQk8Y29tcG9uZW50PgoJCQkJPHNlY3Rpb24+CgkJCQkJPHRlbXBsYXRlSWQgcm9vdD0iMi4xNi44NDAuMS4xMTM4ODMuMTAuMjAuNi4xLjIiIC8+CgkJCQkJPGlkIHJvb3Q9IjFmNjg3MjI0LTBhMzMtNDIzOS1iZDgzLTA5NTdjZTRlYjVjZSIgLz4KCQkJCQk8Y29kZSBjb2RlPSIxMjEwNzAiIGNvZGVTeXN0ZW09IjEuMi44NDAuMTAwMDguMi4xNi40IiBjb2RlU3lzdGVtTmFtZT0iRENNIiBkaXNwbGF5TmFtZT0iRmluZGluZ3MiIC8+CgkJCQkJPHRpdGxlPkZpbmRpbmdzPC90aXRsZT4KCQkJCQk8dGV4dCBtZWRpYVR5cGU9InRleHQveC1obDctdGV4dCt4bWwiPgoJCQkJCQk8cGFyYWdyYXBoPlRoZSBjYXJkaW9tZWRpYXN0aW51bSBpcyB3aXRoaW4gbm9ybWFsIGxpbWl0cy4gVGhlIHRyYWNoZWEgaXMgbWlkbGluZS4gVGhlIHByZXZpb3VzbHkgZGVzY3JpYmVkIG9wYWNpdHkgYXQgdGhlIG1lZGlhbCByaWdodCBsdW5nIGJhc2UgaGFzIGNsZWFyZWQuIFRoZXJlIGFyZSBubyBuZXcgaW5maWx0cmF0ZXMuIFRoZXJlIGlzIGEgbmV3IHJvdW5kIGRlbnNpdHkgYXQgdGhlIGxlZnQgaGlsdXMsIHN1cGVyaW9ybHkgKGRpYW1ldGVyIGFib3V0IDQ1bW0pLiBBIENUIHNjYW4gaXMgcmVjb21tZW5kZWQgZm9yIGZ1cnRoZXIgZXZhbHVhdGlvbi4gVGhlIHBsZXVyYWwgc3BhY2VzIGFyZSBjbGVhci4gVGhlIHZpc3VhbGl6ZWQgbXVzY3Vsb3NrZWxldGFsIHN0cnVjdHVyZXMgYW5kIHRoZSB1cHBlciBhYmRvbWVuIGFyZSBzdGFibGUgYW5kIHVucmVtYXJrYWJsZS48L3BhcmFncmFwaD4KCQkJCQkJPHBhcmFncmFwaD4KCQkJCQkJCTxjb250ZW50PgoJCQkJCQkJCTxsaW5rSHRtbCBocmVmPSJodHRwOi8vbG9jYWxob3N0OjEwNTUvRGVmYXVsdC5hc3B4P3JlcXVlc3RUeXBlPVdBRE8mYW1wO3N0dWR5VUlEPTEuMi44NDAuMTEzNjE5LjIuNTUuMy40MTE2OTc1MS4yODIuMTMyOTk1MTQxNS4yNDImYW1wO3Nlcmllc1VJRD0xLjIuODQwLjExMzYxOS4yLjU1LjMuNDExNjk3NTEuMjgyLjEzMjk5NTE0MTUuMjQ3JmFtcDtvYmplY3RVSUQ9MS4yLjg0MC4xMTM2MTkuMi41NS4zLjQxMTY5NzUxLjI4Mi4xMzI5OTUxNDE1LjI0OC4xJmFtcDtjb250ZW50VHlwZT1hcHBsaWNhdGlvbi9kaWNvbSI+SW1hZ2UgTGluazwvbGlua0h0bWw+CgkJCQkJCQk8L2NvbnRlbnQ+CgkJCQkJCTwvcGFyYWdyYXBoPgoJCQkJCTwvdGV4dD4KCQkJCTwvc2VjdGlvbj4KCQkJPC9jb21wb25lbnQ+CgkJPC9zdHJ1Y3R1cmVkQm9keT4KCTwvY29tcG9uZW50Pgo8L0NsaW5pY2FsRG9jdW1lbnQ+</ds:Object><ds:Object Id="objectId"><QualifyingProperties xmlns="http://uri.etsi.org/01903/v1.3.2#" xmlns:ns2="http://www.w3.org/2000/09/xmldsig#" Target="#IHEManifest"><SignedProperties Id="signedPropertiesId"><SignedSignatureProperties><SigningTime>2023-02-28T22:16:07.555+09:00</SigningTime><SigningCertificate><Cert><CertDigest><ns2:DigestMethod Algorithm="http://www.w3.org/2001/04/xmlenc#sha256"/><ns2:DigestValue>h1ebyI9uSEzs+9JdBPFzdghulGBMMCowhLEc6m6wHrU=</ns2:DigestValue></CertDigest><IssuerSerial><ns2:X509IssuerName>CN=Sectigo RSA Organization Validation Secure Server CA, O=Sectigo Limited, L=Salford, ST=Greater Manchester, C=GB</ns2:X509IssuerName><ns2:X509SerialNumber>239013446433504896364237110405943119854</ns2:X509SerialNumber></IssuerSerial></Cert></SigningCertificate><SignaturePolicyIdentifier><SignaturePolicyId><SigPolicyId><Identifier>urn:ihe:iti:dsg:enveloping:2014</Identifier></SigPolicyId><SigPolicyHash><ns2:DigestMethod Algorithm="http://www.w3.org/2001/04/xmlenc#sha256"/><ns2:DigestValue>KVUImeoTMpW59aShqHxalcTDGuC7PSiTxuiPWtXSlkk=</ns2:DigestValue></SigPolicyHash></SignaturePolicyId></SignaturePolicyIdentifier><SignerRole><ClaimedRoles><ClaimedRole>claimedRole</ClaimedRole></ClaimedRoles></SignerRole></SignedSignatureProperties><SignedDataObjectProperties><DataObjectFormat><MimeType>text/xml</MimeType></DataObjectFormat><CommitmentTypeIndication><CommitmentTypeId><Identifier Qualifier="OIDAsURN">urn:oid:1.2.840.10065.1.12.1.6</Identifier></CommitmentTypeId><CommitmentTypeQualifiers><CommitmentTypeQualifier>qualifier</CommitmentTypeQualifier></CommitmentTypeQualifiers></CommitmentTypeIndication></SignedDataObjectProperties></SignedProperties><UnsignedProperties Id="unsignedPropertiesId"/></QualifyingProperties><ds:Manifest Id="IHEManifest"><ds:Reference Id="referral-cda" URI="#documentId01"><ds:DigestMethod Algorithm="http://www.w3.org/2001/04/xmlenc#sha256"/><ds:DigestValue>ylFhdKxEyzk5nFRKojfPlmuGSualpM1J+nQwQIJ+jBg=</ds:DigestValue></ds:Reference></ds:Manifest></ds:Object></ds:Signature>