<?xml version="1.0" encoding="utf-8"?>
<ClinicalDocument xmlns:xsi="http://www.w3.org/2001/XMLSchema-instance" xmlns:sdtc="urn:hl7-org:sdtc" xmlns="urn:hl7-org:v3">
	<realmCode code="US" />
	<typeId root="2.16.840.1.113883.1.3" extension="POCD_HD000040" />
	<templateId root="2.16.840.1.113883.10.20.6" />
	<id root="2.16.840.1.113883.19.4.27" />
	<code code="18748-4" codeSystem="2.16.840.1.113883.6.1" codeSystemName="LOINC" displayName="Diagnostic Imaging Report" />
	<title>Diagnostic Imaging Report</title>
	<effectiveTime value="20180416173100+0900" />
	<confidentialityCode code="N" codeSystem="2.16.840.1.113883.5.25" />
	<languageCode code="en" />
	<recordTarget typeCode="RCT" contextControlCode="OP">
		<patientRole classCode="PAT">
			<id root="2e110d63-8136-4bcc-8310-89a940dcdf92" extension="IHEBLUE-2298" />
			<addr>
				<country>KOR</country>
				<state>Kyoungki-do</state>
				<city>Seongnam-si</city>
				<additionalLocator>Bundang-gu</additionalLocator>
				<streetAddressLine>Sampyoung-dong</streetAddressLine>
				<postalCode>000-000</postalCode>
			</addr>
			<telecom value="tel:000-0000-0000" />
			<patient classCode="PSN" determinerCode="INSTANCE">
				<name>
					<given>Maria</given>
					<family>Lisa</family>
				</name>
				<administrativeGenderCode code="F" codeSystem="2.16.840.1.113883.5.1" codeSystemName="Administrative sex" displayName="Female" />
				<birthTime value="19620426" />
				<languageCommunication>
					<languageCode code="eng" />
				</languageCommunication>
			</patient>
		</patientRole>
	</recordTarget>
	<author typeCode="AUT" contextControlCode="OP">
		<time value="20180416173100+0900" />
		<assignedAuthor classCode="ASSIGNED">
			<id root="0a7acf99-f3fa-4054-b3ad-0bdd7062b6fc" extension="author001" />
			<addr>
				<country>KOR</country>
				<state>Kyungki-do</state>
				<city>Seongnam</city>
				<additionalLocator>Bundang-gu</additionalLocator>
				<streetAddressLine>Sampyung-ro 000-000</streetAddressLine>
				<postalCode>000-000</postalCode>
			</addr>
			<telecom value="tel:000-000-001" />
			<assignedPerson classCode="PSN" determinerCode="INSTANCE">
				<name>
					<given>Steve</given>
					<family>Kim</family>
				</name>
			</assignedPerson>
		</assignedAuthor>
	</author>
	<custodian typeCode="CST">
		<assignedCustodian classCode="ASSIGNED">
			<representedCustodianOrganization classCode="ORG" determinerCode="INSTANCE">
				<id root="1.2.410.1.12345" extension="org001" />
				<name>Bundang Hospital</name>
				<telecom value="tel:000-000-000" />
				<addr>
					<country>KOR</country>
					<state>Kyungki-do</state>
					<city>Seongnam</city>
					<additionalLocator>Bundang-gu</additionalLocator>
					<streetAddressLine>Sampyung-ro 000-000</streetAddressLine>
					<postalCode>000-000</postalCode>
				</addr>
			</representedCustodianOrganization>
		</assignedCustodian>
	</custodian>
	<documentationOf typeCode="DOC">
		<serviceEvent classCode="ACT" moodCode="EVN">
			<templateId root="2.16.840.1.113883.10.20.21.3.1" />
			<code code="801460020" codeSystem="2.16.840.1.113883.6.96" codeSystemName="SNOMED CT" displayName="Laparoscopic Appendectomy" />
			<effectiveTime value="19750501" />
			<performer typeCode="PRF">
				<templateId root="2.16.840.1.113883.10.20.6.2.1" />
				<assignedEntity classCode="ASSIGNED">
					<id root="afd4f2cf-c0fc-422a-b0ec-c9aa1f550e90" />
					<code code="2085R0202X" codeSystem="2.16.840.1.113883.11.19465" />
					<addr nullFlavor="NI" />
					<telecom nullFlavor="NI" />
					<assignedPerson classCode="PSN" determinerCode="INSTANCE">
						<name>
							<given>Henry</given>
							<family>Kim</family>
						</name>
					</assignedPerson>
				</assignedEntity>
			</performer>
		</serviceEvent>
	</documentationOf>
	<component>
		<structuredBody classCode="DOCBODY" moodCode="EVN">
			<component>
				<section>
					<templateId root="2.16.840.1.113883.10.20.6.1.1" />
					<id root="1aa62d22-f115-4011-89c2-c4ac24a548ec" />
					<code code="121181" codeSystem="1.2.840.10008.2.16.4" codeSystemName="DCM" displayName="DICOM Object Catalog" />
					<entry>
						<act classCode="ACT" moodCode="EVN">
							<templateId root="2.16.840.1.113883.10.20.6.2.6" />
							<id root="1.2.840.113619.2.62.994044785528.114289542805" />
							<code code="113014" codeSystem="1.2.840.10008.2.16.4" codeSystemName="DCM" displayName="Study" />
							<entryRelationship typeCode="COMP" inversionInd="false">
								<act classCode="ACT" moodCode="EVN">
									<id root="1.2.840.113619.2.62.994044785528.20060823223142485051" />
									<code code="113015" codeSystem="1.2.840.10008.2.16.4" codeSystemName="DCM" displayName="Series">
										<qualifier>
											<name code="121139" codeSystem="1.2.840.10008.2.16.4" codeSystemName="DCM" displayName="Modality" />
											<value code="CR" codeSystem="1.2.840.10008.2.16.4" codeSystemName="DCM" displayName="Computed Radiography" />
										</qualifier>
									</code>
									<entryRelationship typeCode="COMP" inversionInd="false">
										<observation classCode="DGIMG" moodCode="EVN">
											<templateId root="2.16.840.1.113883.10.20.6.2.8" />
											<id root="1.2.840.113619.2.62.994044785528.20060823.200608232232322.3" />
											<code code="1.2.840.10008.5.1.4.1.1.1" codeSystem="1.2.840.10008.2.6.1" codeSystemName="DCMUID" />
										</observation>
									</entryRelationship>
								</act>
							</entryRelationship>
						</act>
					</entry>
				</section>
			</component>
			<component>
				<section>
					<templateId root="2.16.840.1.113883.10.20.6.1.2" />
					<id root="1f687224-0a33-4239-bd83-0957ce4eb5ce" />
					<code code="121070" codeSystem="1.2.840.10008.2.16.4" codeSystemName="DCM" displayName="Findings" />
					<title>Findings</title>
					<text mediaType="text/x-hl7-text+xml">
						<paragraph>The cardiomediastinum is within normal limits. The trachea is midline. The previously described opacity at the medial right lung base has cleared. There are no new infiltrates. There is a new round density at the left hilus, superiorly (diameter about 45mm). A CT scan is recommended for further evaluation. The pleural spaces are clear. The visualized musculoskeletal structures and the upper abdomen are stable and unremarkable.</paragraph>
						<paragraph>
							<content>
								<linkHtml href="http://localhost:1055/Default.aspx?requestType=WADO&amp;studyUID=1.2.840.113619.2.55.3.41169751.282.1329951415.242&amp;seriesUID=1.2.840.113619.2.55.3.41169751.282.1329951415.247&amp;objectUID=1.2.840.113619.2.55.3.41169751.282.1329951415.248.1&amp;contentType=application/dicom">Image Link</linkHtml>
							</content>
						</paragraph>
					</text>
				</section>
			</component>
		</structuredBody>
	</component>
</ClinicalDocument>